Using pre-set license
Built from '2021.1/release' branch; Version is '2021.1.10f1 (b15f561b2cef) revision 11624278'; Using compiler version '192528614'; Build Type 'Release'
OS: 'Windows 10 Education; OS build 19042.1466; Version 2009; 64bit' Language: 'en' Physical Memory: 16331 MB
BatchMode: 1, IsHumanControllingUs: 0, StartBugReporterOnCrash: 0, Is64bit: 1, IsPro: 0

 COMMAND LINE ARGUMENTS:
C:\Apps\Unity\Editor\Unity.exe
-adb2
-batchMode
-noUpm
-name
AssetImportWorker0
-projectPath
C:/Users/K1917661/Documents/PS4-Game/PS4 Tutorial
-logFile
Logs/AssetImportWorker0.log
-srvPort
63616
Successfully changed project path to: C:/Users/K1917661/Documents/PS4-Game/PS4 Tutorial
C:/Users/K1917661/Documents/PS4-Game/PS4 Tutorial
Using Asset Import Pipeline V2.
Refreshing native plugins compatible for Editor in 84.86 ms, found 3 plugins.
Preloading 0 native plugins for Editor in 0.00 ms.
Initialize engine version: 2021.1.10f1 (b15f561b2cef)
[Subsystems] Discovering subsystems at path C:/Apps/Unity/Editor/Data/Resources/UnitySubsystems
[Subsystems] Discovering subsystems at path C:/Users/K1917661/Documents/PS4-Game/PS4 Tutorial/Assets
GfxDevice: creating device client; threaded=0; jobified=0
Direct3D:
    Version:  Direct3D 11.0 [level 11.1]
    Renderer: NVIDIA GeForce GTX 1080 (ID=0x1b80)
    Vendor:   NVIDIA
    VRAM:     8079 MB
    Driver:   30.0.14.7111
Initialize mono
Mono path[0] = 'C:/Apps/Unity/Editor/Data/Managed'
Mono path[1] = 'C:/Apps/Unity/Editor/Data/MonoBleedingEdge/lib/mono/unityjit'
Mono config path = 'C:/Apps/Unity/Editor/Data/MonoBleedingEdge/etc'
Using monoOptions --debugger-agent=transport=dt_socket,embedding=1,server=y,suspend=n,address=127.0.0.1:56724
Begin MonoManager ReloadAssembly
Registering precompiled unity dll's ...
Register platform support module: C:/Apps/Unity/Editor/Data/PlaybackEngines/WindowsStandaloneSupport/UnityEditor.WindowsStandalone.Extensions.dll
Registered in 0.006162 seconds.
Native extension for WindowsStandalone target not found
Refreshing native plugins compatible for Editor in 76.26 ms, found 3 plugins.
Preloading 0 native plugins for Editor in 0.00 ms.
Mono: successfully reloaded assembly
- Completed reload, in  2.037 seconds
Domain Reload Profiling:
	ReloadAssembly (2037ms)
		BeginReloadAssembly (156ms)
			ExecutionOrderSort (0ms)
			DisableScriptedObjects (0ms)
			BackupInstance (0ms)
			ReleaseScriptingObjects (0ms)
			CreateAndSetChildDomain (1ms)
		EndReloadAssembly (508ms)
			LoadAssemblies (150ms)
			RebuildTransferFunctionScriptingTraits (0ms)
			SetupTypeCache (196ms)
			ReleaseScriptCaches (0ms)
			RebuildScriptCaches (30ms)
			SetupLoadedEditorAssemblies (211ms)
				LogAssemblyErrors (0ms)
				InitializePlatformSupportModulesInManaged (6ms)
				SetLoadedEditorAssemblies (0ms)
				RefreshPlugins (76ms)
				BeforeProcessingInitializeOnLoad (1ms)
				ProcessInitializeOnLoadAttributes (96ms)
				ProcessInitializeOnLoadMethodAttributes (30ms)
				AfterProcessingInitializeOnLoad (0ms)
				EditorAssembliesLoaded (0ms)
			ExecutionOrderSort2 (0ms)
			AwakeInstancesAfterBackupRestoration (0ms)
Platform modules already initialized, skipping
Registering precompiled user dll's ...
Registered in 0.024087 seconds.
Begin MonoManager ReloadAssembly
Symbol file LoadedFromMemory doesn't match image C:\Users\K1917661\Documents\PS4-Game\PS4 Tutorial\Library\PackageCache\com.unity.visualscripting@1.6.1\Editor\VisualScripting.Core\Dependencies\YamlDotNet\Unity.VisualScripting.YamlDotNet.dll
Symbol file LoadedFromMemory doesn't match image C:\Users\K1917661\Documents\PS4-Game\PS4 Tutorial\Library\PackageCache\com.unity.visualscripting@1.6.1\Editor\VisualScripting.Core\Dependencies\DotNetZip\Unity.VisualScripting.IonicZip.dll
Native extension for WindowsStandalone target not found
Refreshing native plugins compatible for Editor in 71.98 ms, found 3 plugins.
Preloading 0 native plugins for Editor in 0.00 ms.
Mono: successfully reloaded assembly
- Completed reload, in  1.305 seconds
Domain Reload Profiling:
	ReloadAssembly (1306ms)
		BeginReloadAssembly (248ms)
			ExecutionOrderSort (0ms)
			DisableScriptedObjects (4ms)
			BackupInstance (0ms)
			ReleaseScriptingObjects (0ms)
			CreateAndSetChildDomain (19ms)
		EndReloadAssembly (970ms)
			LoadAssemblies (202ms)
			RebuildTransferFunctionScriptingTraits (0ms)
			SetupTypeCache (333ms)
			ReleaseScriptCaches (1ms)
			RebuildScriptCaches (48ms)
			SetupLoadedEditorAssemblies (367ms)
				LogAssemblyErrors (0ms)
				InitializePlatformSupportModulesInManaged (4ms)
				SetLoadedEditorAssemblies (0ms)
				RefreshPlugins (72ms)
				BeforeProcessingInitializeOnLoad (88ms)
				ProcessInitializeOnLoadAttributes (177ms)
				ProcessInitializeOnLoadMethodAttributes (4ms)
				AfterProcessingInitializeOnLoad (22ms)
				EditorAssembliesLoaded (0ms)
			ExecutionOrderSort2 (0ms)
			AwakeInstancesAfterBackupRestoration (6ms)
Platform modules already initialized, skipping
========================================================================
Worker process is ready to serve import requests
Launched and connected shader compiler UnityShaderCompiler.exe after 0.07 seconds
Refreshing native plugins compatible for Editor in 0.58 ms, found 3 plugins.
Preloading 0 native plugins for Editor in 0.00 ms.
Unloading 2953 Unused Serialized files (Serialized files now loaded: 0)
System memory in use before: 106.3 MB.
System memory in use after: 106.5 MB.

Unloading 22 unused Assets to reduce memory usage. Loaded Objects now: 3399.
Total: 2.030300 ms (FindLiveObjects: 0.220800 ms CreateObjectMapping: 0.130800 ms MarkObjects: 1.587800 ms  DeleteObjects: 0.090100 ms)

AssetImportParameters requested are different than current active one (requested -> active):
  custom:framework-win-MediaFoundation: 216162199b28c13a410421893ffa2e32 -> 
  custom:video-decoder-ogg-theora: a1e56fd34408186e4bbccfd4996cb3dc -> 
  custom:container-muxer-webm: aa71ff27fc2769a1b78a27578f13a17b -> 
  custom:container-demuxer-webm: 4f35f7cbe854078d1ac9338744f61a02 -> 
  custom:container-demuxer-ogg: 62fdf1f143b41e24485cea50d1cbac27 -> 
  custom:video-encoder-webm-vp8: eb34c28f22e8b96e1ab97ce403110664 -> 
  custom:video-decoder-webm-vp8: 9c59270c3fd7afecdb556c50c9e8de78 -> 
  custom:audio-decoder-ogg-vorbis: bf7c407c2cedff20999df2af8eb42d56 -> 
  custom:audio-encoder-webm-vorbis: bf7c407c2cedff20999df2af8eb42d56 -> 
========================================================================
Received Import Request.
  path: Assets/Images/L2R2TrapB.png
  artifactKey: Guid(e09c40468199a184f87c579cc149fefe) Importer(815301076,1909f56bfc062723c751e8b465ee728b)
Start importing Assets/Images/L2R2TrapB.png using Guid(e09c40468199a184f87c579cc149fefe) Importer(815301076,1909f56bfc062723c751e8b465ee728b) Diagnostics callstack to track who triggered the sub-import:
0x00007ff6742782c2 (Unity) ImporterAssetResolver::ResolveAsset
0x00007ff67424ab12 (Unity) ResolveArtifactV2
0x00007ff674262870 (Unity) ImportToObjects
0x00007ff674261b88 (Unity) ImportAsset
0x00007ff67420026f (Unity) AssetImportWorker::Import
0x00007ff674223292 (Unity) <lambda_9a0c3c600e605f826d039b184a304624>::operator()
0x00007ff6742a9a02 (Unity) asio::detail::completion_handler<core::mutable_function<void __cdecl(void)> >::do_complete
0x00007ff6742abc70 (Unity) asio::detail::win_iocp_io_service::do_one
0x00007ff6742af35e (Unity) asio::io_service::run
0x00007ff67424b85a (Unity) RunAssetImportWorkerClientV2
0x00007ff67424b8b0 (Unity) RunAssetImporterV2
0x00007ff673d4f4a6 (Unity) Application::InitializeProject
0x00007ff67415e9f7 (Unity) WinMain
0x00007ff675c8c292 (Unity) __scrt_common_main_seh
0x00007ff8bc327034 (KERNEL32) BaseThreadInitThunk
0x00007ff8bc462651 (ntdll) RtlUserThreadStart

Requesting import of Guid(e09c40468199a184f87c579cc149fefe) Importer(-1,00000000000000000000000000000000), Assets/Images/L2R2TrapB.png from editor
Resuming Guid(e09c40468199a184f87c579cc149fefe) Importer(-1,00000000000000000000000000000000) -> 4b8081d2176690c65a7e7b504fb073e8 
Assertion failed on expression: 'state.state == kUpToDate'

Assertion failed on expression: 'state.artifactID == result'

Diagnostics callstack to track who triggered the sub-import:
0x00007ff6742782c2 (Unity) ImporterAssetResolver::ResolveAsset
0x00007ff67424ab12 (Unity) ResolveArtifactV2
0x00007ff674242e51 (Unity) ProduceArtifactV2
0x00007ff6741dd54e (Unity) AssetDatabase::ProduceArtifact
0x00007ff6741c8598 (Unity) PreviewImporter::GenerateAssetData
0x00007ff674262b8e (Unity) ImportToObjects
0x00007ff674261b88 (Unity) ImportAsset
0x00007ff67420026f (Unity) AssetImportWorker::Import
0x00007ff674223292 (Unity) <lambda_9a0c3c600e605f826d039b184a304624>::operator()
0x00007ff6742a9a02 (Unity) asio::detail::completion_handler<core::mutable_function<void __cdecl(void)> >::do_complete
0x00007ff6742abc70 (Unity) asio::detail::win_iocp_io_service::do_one
0x00007ff6742af35e (Unity) asio::io_service::run
0x00007ff67424b85a (Unity) RunAssetImportWorkerClientV2
0x00007ff67424b8b0 (Unity) RunAssetImporterV2
0x00007ff673d4f4a6 (Unity) Application::InitializeProject
0x00007ff67415e9f7 (Unity) WinMain
0x00007ff675c8c292 (Unity) __scrt_common_main_seh
0x00007ff8bc327034 (KERNEL32) BaseThreadInitThunk
0x00007ff8bc462651 (ntdll) RtlUserThreadStart

Requesting import of Guid(e09c40468199a184f87c579cc149fefe) Importer(-1,00000000000000000000000000000000), Assets/Images/L2R2TrapB.png from editor
Resuming Guid(e09c40468199a184f87c579cc149fefe) Importer(-1,00000000000000000000000000000000) -> 4b8081d2176690c65a7e7b504fb073e8 
Assertion failed on expression: 'state.state == kUpToDate'

Assertion failed on expression: 'state.artifactID == result'

 -> (artifact id: 'e900dd884b3349119423367df51a43b3') in 0.809093 seconds 
========================================================================
Received Import Request.
  Time since last request: 0.000476 seconds.
  path: Assets/Images/L2R2Traps.png
  artifactKey: Guid(ddd78e4f1cafa8543924787a7d94ade4) Importer(815301076,1909f56bfc062723c751e8b465ee728b)
Start importing Assets/Images/L2R2Traps.png using Guid(ddd78e4f1cafa8543924787a7d94ade4) Importer(815301076,1909f56bfc062723c751e8b465ee728b) Diagnostics callstack to track who triggered the sub-import:
0x00007ff6742782c2 (Unity) ImporterAssetResolver::ResolveAsset
0x00007ff67424ab12 (Unity) ResolveArtifactV2
0x00007ff674262870 (Unity) ImportToObjects
0x00007ff674261b88 (Unity) ImportAsset
0x00007ff67420026f (Unity) AssetImportWorker::Import
0x00007ff674223292 (Unity) <lambda_9a0c3c600e605f826d039b184a304624>::operator()
0x00007ff6742a9a02 (Unity) asio::detail::completion_handler<core::mutable_function<void __cdecl(void)> >::do_complete
0x00007ff6742abc70 (Unity) asio::detail::win_iocp_io_service::do_one
0x00007ff6742af35e (Unity) asio::io_service::run
0x00007ff67424b85a (Unity) RunAssetImportWorkerClientV2
0x00007ff67424b8b0 (Unity) RunAssetImporterV2
0x00007ff673d4f4a6 (Unity) Application::InitializeProject
0x00007ff67415e9f7 (Unity) WinMain
0x00007ff675c8c292 (Unity) __scrt_common_main_seh
0x00007ff8bc327034 (KERNEL32) BaseThreadInitThunk
0x00007ff8bc462651 (ntdll) RtlUserThreadStart

Requesting import of Guid(ddd78e4f1cafa8543924787a7d94ade4) Importer(-1,00000000000000000000000000000000), Assets/Images/L2R2Traps.png from editor
Resuming Guid(ddd78e4f1cafa8543924787a7d94ade4) Importer(-1,00000000000000000000000000000000) -> 7e355f8fd0b01b653f72ae91ebf6ae8f 
Assertion failed on expression: 'state.state == kUpToDate'

Assertion failed on expression: 'state.artifactID == result'

Diagnostics callstack to track who triggered the sub-import:
0x00007ff6742782c2 (Unity) ImporterAssetResolver::ResolveAsset
0x00007ff67424ab12 (Unity) ResolveArtifactV2
0x00007ff674242e51 (Unity) ProduceArtifactV2
0x00007ff6741dd54e (Unity) AssetDatabase::ProduceArtifact
0x00007ff6741c8598 (Unity) PreviewImporter::GenerateAssetData
0x00007ff674262b8e (Unity) ImportToObjects
0x00007ff674261b88 (Unity) ImportAsset
0x00007ff67420026f (Unity) AssetImportWorker::Import
0x00007ff674223292 (Unity) <lambda_9a0c3c600e605f826d039b184a304624>::operator()
0x00007ff6742a9a02 (Unity) asio::detail::completion_handler<core::mutable_function<void __cdecl(void)> >::do_complete
0x00007ff6742abc70 (Unity) asio::detail::win_iocp_io_service::do_one
0x00007ff6742af35e (Unity) asio::io_service::run
0x00007ff67424b85a (Unity) RunAssetImportWorkerClientV2
0x00007ff67424b8b0 (Unity) RunAssetImporterV2
0x00007ff673d4f4a6 (Unity) Application::InitializeProject
0x00007ff67415e9f7 (Unity) WinMain
0x00007ff675c8c292 (Unity) __scrt_common_main_seh
0x00007ff8bc327034 (KERNEL32) BaseThreadInitThunk
0x00007ff8bc462651 (ntdll) RtlUserThreadStart

Requesting import of Guid(ddd78e4f1cafa8543924787a7d94ade4) Importer(-1,00000000000000000000000000000000), Assets/Images/L2R2Traps.png from editor
Resuming Guid(ddd78e4f1cafa8543924787a7d94ade4) Importer(-1,00000000000000000000000000000000) -> 7e355f8fd0b01b653f72ae91ebf6ae8f 
Assertion failed on expression: 'state.state == kUpToDate'

Assertion failed on expression: 'state.artifactID == result'

 -> (artifact id: 'be9f5a8decfc3783197c7ae621361972') in 0.014548 seconds 
========================================================================
Received Import Request.
  Time since last request: 8.035352 seconds.
  path: Assets/Images/L2R2TrapB.png
  artifactKey: Guid(e09c40468199a184f87c579cc149fefe) Importer(815301076,1909f56bfc062723c751e8b465ee728b)
Start importing Assets/Images/L2R2TrapB.png using Guid(e09c40468199a184f87c579cc149fefe) Importer(815301076,1909f56bfc062723c751e8b465ee728b) Diagnostics callstack to track who triggered the sub-import:
0x00007ff6742782c2 (Unity) ImporterAssetResolver::ResolveAsset
0x00007ff67424ab12 (Unity) ResolveArtifactV2
0x00007ff674262870 (Unity) ImportToObjects
0x00007ff674261b88 (Unity) ImportAsset
0x00007ff67420026f (Unity) AssetImportWorker::Import
0x00007ff674223292 (Unity) <lambda_9a0c3c600e605f826d039b184a304624>::operator()
0x00007ff6742a9a02 (Unity) asio::detail::completion_handler<core::mutable_function<void __cdecl(void)> >::do_complete
0x00007ff6742abc70 (Unity) asio::detail::win_iocp_io_service::do_one
0x00007ff6742af35e (Unity) asio::io_service::run
0x00007ff67424b85a (Unity) RunAssetImportWorkerClientV2
0x00007ff67424b8b0 (Unity) RunAssetImporterV2
0x00007ff673d4f4a6 (Unity) Application::InitializeProject
0x00007ff67415e9f7 (Unity) WinMain
0x00007ff675c8c292 (Unity) __scrt_common_main_seh
0x00007ff8bc327034 (KERNEL32) BaseThreadInitThunk
0x00007ff8bc462651 (ntdll) RtlUserThreadStart

Requesting import of Guid(e09c40468199a184f87c579cc149fefe) Importer(-1,00000000000000000000000000000000), Assets/Images/L2R2TrapB.png from editor
Resuming Guid(e09c40468199a184f87c579cc149fefe) Importer(-1,00000000000000000000000000000000) -> 4b8081d2176690c65a7e7b504fb073e8 
Assertion failed on expression: 'state.state == kUpToDate'

Assertion failed on expression: 'state.artifactID == result'

Diagnostics callstack to track who triggered the sub-import:
0x00007ff6742782c2 (Unity) ImporterAssetResolver::ResolveAsset
0x00007ff67424ab12 (Unity) ResolveArtifactV2
0x00007ff674242e51 (Unity) ProduceArtifactV2
0x00007ff6741dd54e (Unity) AssetDatabase::ProduceArtifact
0x00007ff6741c8598 (Unity) PreviewImporter::GenerateAssetData
0x00007ff674262b8e (Unity) ImportToObjects
0x00007ff674261b88 (Unity) ImportAsset
0x00007ff67420026f (Unity) AssetImportWorker::Import
0x00007ff674223292 (Unity) <lambda_9a0c3c600e605f826d039b184a304624>::operator()
0x00007ff6742a9a02 (Unity) asio::detail::completion_handler<core::mutable_function<void __cdecl(void)> >::do_complete
0x00007ff6742abc70 (Unity) asio::detail::win_iocp_io_service::do_one
0x00007ff6742af35e (Unity) asio::io_service::run
0x00007ff67424b85a (Unity) RunAssetImportWorkerClientV2
0x00007ff67424b8b0 (Unity) RunAssetImporterV2
0x00007ff673d4f4a6 (Unity) Application::InitializeProject
0x00007ff67415e9f7 (Unity) WinMain
0x00007ff675c8c292 (Unity) __scrt_common_main_seh
0x00007ff8bc327034 (KERNEL32) BaseThreadInitThunk
0x00007ff8bc462651 (ntdll) RtlUserThreadStart

Requesting import of Guid(e09c40468199a184f87c579cc149fefe) Importer(-1,00000000000000000000000000000000), Assets/Images/L2R2TrapB.png from editor
Resuming Guid(e09c40468199a184f87c579cc149fefe) Importer(-1,00000000000000000000000000000000) -> 4b8081d2176690c65a7e7b504fb073e8 
Assertion failed on expression: 'state.state == kUpToDate'

Assertion failed on expression: 'state.artifactID == result'

 -> (artifact id: 'e900dd884b3349119423367df51a43b3') in 0.014780 seconds 
========================================================================
Received Import Request.
  Time since last request: 0.000379 seconds.
  path: Assets/Images/L2R2Traps.png
  artifactKey: Guid(ddd78e4f1cafa8543924787a7d94ade4) Importer(815301076,1909f56bfc062723c751e8b465ee728b)
Start importing Assets/Images/L2R2Traps.png using Guid(ddd78e4f1cafa8543924787a7d94ade4) Importer(815301076,1909f56bfc062723c751e8b465ee728b) Diagnostics callstack to track who triggered the sub-import:
0x00007ff6742782c2 (Unity) ImporterAssetResolver::ResolveAsset
0x00007ff67424ab12 (Unity) ResolveArtifactV2
0x00007ff674262870 (Unity) ImportToObjects
0x00007ff674261b88 (Unity) ImportAsset
0x00007ff67420026f (Unity) AssetImportWorker::Import
0x00007ff674223292 (Unity) <lambda_9a0c3c600e605f826d039b184a304624>::operator()
0x00007ff6742a9a02 (Unity) asio::detail::completion_handler<core::mutable_function<void __cdecl(void)> >::do_complete
0x00007ff6742abc70 (Unity) asio::detail::win_iocp_io_service::do_one
0x00007ff6742af35e (Unity) asio::io_service::run
0x00007ff67424b85a (Unity) RunAssetImportWorkerClientV2
0x00007ff67424b8b0 (Unity) RunAssetImporterV2
0x00007ff673d4f4a6 (Unity) Application::InitializeProject
0x00007ff67415e9f7 (Unity) WinMain
0x00007ff675c8c292 (Unity) __scrt_common_main_seh
0x00007ff8bc327034 (KERNEL32) BaseThreadInitThunk
0x00007ff8bc462651 (ntdll) RtlUserThreadStart

Requesting import of Guid(ddd78e4f1cafa8543924787a7d94ade4) Importer(-1,00000000000000000000000000000000), Assets/Images/L2R2Traps.png from editor
Resuming Guid(ddd78e4f1cafa8543924787a7d94ade4) Importer(-1,00000000000000000000000000000000) -> 8b29af866db280766f554e115e598863 
Assertion failed on expression: 'state.state == kUpToDate'

Assertion failed on expression: 'state.artifactID == result'

Diagnostics callstack to track who triggered the sub-import:
0x00007ff6742782c2 (Unity) ImporterAssetResolver::ResolveAsset
0x00007ff67424ab12 (Unity) ResolveArtifactV2
0x00007ff674242e51 (Unity) ProduceArtifactV2
0x00007ff6741dd54e (Unity) AssetDatabase::ProduceArtifact
0x00007ff6741c8598 (Unity) PreviewImporter::GenerateAssetData
0x00007ff674262b8e (Unity) ImportToObjects
0x00007ff674261b88 (Unity) ImportAsset
0x00007ff67420026f (Unity) AssetImportWorker::Import
0x00007ff674223292 (Unity) <lambda_9a0c3c600e605f826d039b184a304624>::operator()
0x00007ff6742a9a02 (Unity) asio::detail::completion_handler<core::mutable_function<void __cdecl(void)> >::do_complete
0x00007ff6742abc70 (Unity) asio::detail::win_iocp_io_service::do_one
0x00007ff6742af35e (Unity) asio::io_service::run
0x00007ff67424b85a (Unity) RunAssetImportWorkerClientV2
0x00007ff67424b8b0 (Unity) RunAssetImporterV2
0x00007ff673d4f4a6 (Unity) Application::InitializeProject
0x00007ff67415e9f7 (Unity) WinMain
0x00007ff675c8c292 (Unity) __scrt_common_main_seh
0x00007ff8bc327034 (KERNEL32) BaseThreadInitThunk
0x00007ff8bc462651 (ntdll) RtlUserThreadStart

Requesting import of Guid(ddd78e4f1cafa8543924787a7d94ade4) Importer(-1,00000000000000000000000000000000), Assets/Images/L2R2Traps.png from editor
Resuming Guid(ddd78e4f1cafa8543924787a7d94ade4) Importer(-1,00000000000000000000000000000000) -> 8b29af866db280766f554e115e598863 
Assertion failed on expression: 'state.state == kUpToDate'

Assertion failed on expression: 'state.artifactID == result'

 -> (artifact id: 'dc6855b52a12a69088bd64cd8fffeb46') in 0.015547 seconds 
========================================================================
Received Import Request.
  Time since last request: 7.345769 seconds.
  path: Assets/Images/L2R2TrapB.png
  artifactKey: Guid(e09c40468199a184f87c579cc149fefe) Importer(815301076,1909f56bfc062723c751e8b465ee728b)
Start importing Assets/Images/L2R2TrapB.png using Guid(e09c40468199a184f87c579cc149fefe) Importer(815301076,1909f56bfc062723c751e8b465ee728b) Diagnostics callstack to track who triggered the sub-import:
0x00007ff6742782c2 (Unity) ImporterAssetResolver::ResolveAsset
0x00007ff67424ab12 (Unity) ResolveArtifactV2
0x00007ff674262870 (Unity) ImportToObjects
0x00007ff674261b88 (Unity) ImportAsset
0x00007ff67420026f (Unity) AssetImportWorker::Import
0x00007ff674223292 (Unity) <lambda_9a0c3c600e605f826d039b184a304624>::operator()
0x00007ff6742a9a02 (Unity) asio::detail::completion_handler<core::mutable_function<void __cdecl(void)> >::do_complete
0x00007ff6742abc70 (Unity) asio::detail::win_iocp_io_service::do_one
0x00007ff6742af35e (Unity) asio::io_service::run
0x00007ff67424b85a (Unity) RunAssetImportWorkerClientV2
0x00007ff67424b8b0 (Unity) RunAssetImporterV2
0x00007ff673d4f4a6 (Unity) Application::InitializeProject
0x00007ff67415e9f7 (Unity) WinMain
0x00007ff675c8c292 (Unity) __scrt_common_main_seh
0x00007ff8bc327034 (KERNEL32) BaseThreadInitThunk
0x00007ff8bc462651 (ntdll) RtlUserThreadStart

Requesting import of Guid(e09c40468199a184f87c579cc149fefe) Importer(-1,00000000000000000000000000000000), Assets/Images/L2R2TrapB.png from editor
Resuming Guid(e09c40468199a184f87c579cc149fefe) Importer(-1,00000000000000000000000000000000) -> 08b989f5f93b3acb0b8c396483795a68 
Assertion failed on expression: 'state.state == kUpToDate'

Assertion failed on expression: 'state.artifactID == result'

Diagnostics callstack to track who triggered the sub-import:
0x00007ff6742782c2 (Unity) ImporterAssetResolver::ResolveAsset
0x00007ff67424ab12 (Unity) ResolveArtifactV2
0x00007ff674242e51 (Unity) ProduceArtifactV2
0x00007ff6741dd54e (Unity) AssetDatabase::ProduceArtifact
0x00007ff6741c8598 (Unity) PreviewImporter::GenerateAssetData
0x00007ff674262b8e (Unity) ImportToObjects
0x00007ff674261b88 (Unity) ImportAsset
0x00007ff67420026f (Unity) AssetImportWorker::Import
0x00007ff674223292 (Unity) <lambda_9a0c3c600e605f826d039b184a304624>::operator()
0x00007ff6742a9a02 (Unity) asio::detail::completion_handler<core::mutable_function<void __cdecl(void)> >::do_complete
0x00007ff6742abc70 (Unity) asio::detail::win_iocp_io_service::do_one
0x00007ff6742af35e (Unity) asio::io_service::run
0x00007ff67424b85a (Unity) RunAssetImportWorkerClientV2
0x00007ff67424b8b0 (Unity) RunAssetImporterV2
0x00007ff673d4f4a6 (Unity) Application::InitializeProject
0x00007ff67415e9f7 (Unity) WinMain
0x00007ff675c8c292 (Unity) __scrt_common_main_seh
0x00007ff8bc327034 (KERNEL32) BaseThreadInitThunk
0x00007ff8bc462651 (ntdll) RtlUserThreadStart

Requesting import of Guid(e09c40468199a184f87c579cc149fefe) Importer(-1,00000000000000000000000000000000), Assets/Images/L2R2TrapB.png from editor
Resuming Guid(e09c40468199a184f87c579cc149fefe) Importer(-1,00000000000000000000000000000000) -> 08b989f5f93b3acb0b8c396483795a68 
Assertion failed on expression: 'state.state == kUpToDate'

Assertion failed on expression: 'state.artifactID == result'

 -> (artifact id: 'bd0d758ea4da3ce7b7f1a82aa3745a35') in 0.014008 seconds 
========================================================================
Received Import Request.
  Time since last request: 0.000270 seconds.
  path: Assets/Images/L2R2Traps.png
  artifactKey: Guid(ddd78e4f1cafa8543924787a7d94ade4) Importer(815301076,1909f56bfc062723c751e8b465ee728b)
Start importing Assets/Images/L2R2Traps.png using Guid(ddd78e4f1cafa8543924787a7d94ade4) Importer(815301076,1909f56bfc062723c751e8b465ee728b) Diagnostics callstack to track who triggered the sub-import:
0x00007ff6742782c2 (Unity) ImporterAssetResolver::ResolveAsset
0x00007ff67424ab12 (Unity) ResolveArtifactV2
0x00007ff674262870 (Unity) ImportToObjects
0x00007ff674261b88 (Unity) ImportAsset
0x00007ff67420026f (Unity) AssetImportWorker::Import
0x00007ff674223292 (Unity) <lambda_9a0c3c600e605f826d039b184a304624>::operator()
0x00007ff6742a9a02 (Unity) asio::detail::completion_handler<core::mutable_function<void __cdecl(void)> >::do_complete
0x00007ff6742abc70 (Unity) asio::detail::win_iocp_io_service::do_one
0x00007ff6742af35e (Unity) asio::io_service::run
0x00007ff67424b85a (Unity) RunAssetImportWorkerClientV2
0x00007ff67424b8b0 (Unity) RunAssetImporterV2
0x00007ff673d4f4a6 (Unity) Application::InitializeProject
0x00007ff67415e9f7 (Unity) WinMain
0x00007ff675c8c292 (Unity) __scrt_common_main_seh
0x00007ff8bc327034 (KERNEL32) BaseThreadInitThunk
0x00007ff8bc462651 (ntdll) RtlUserThreadStart

Requesting import of Guid(ddd78e4f1cafa8543924787a7d94ade4) Importer(-1,00000000000000000000000000000000), Assets/Images/L2R2Traps.png from editor
Resuming Guid(ddd78e4f1cafa8543924787a7d94ade4) Importer(-1,00000000000000000000000000000000) -> 8b29af866db280766f554e115e598863 
Assertion failed on expression: 'state.state == kUpToDate'

Assertion failed on expression: 'state.artifactID == result'

Diagnostics callstack to track who triggered the sub-import:
0x00007ff6742782c2 (Unity) ImporterAssetResolver::ResolveAsset
0x00007ff67424ab12 (Unity) ResolveArtifactV2
0x00007ff674242e51 (Unity) ProduceArtifactV2
0x00007ff6741dd54e (Unity) AssetDatabase::ProduceArtifact
0x00007ff6741c8598 (Unity) PreviewImporter::GenerateAssetData
0x00007ff674262b8e (Unity) ImportToObjects
0x00007ff674261b88 (Unity) ImportAsset
0x00007ff67420026f (Unity) AssetImportWorker::Import
0x00007ff674223292 (Unity) <lambda_9a0c3c600e605f826d039b184a304624>::operator()
0x00007ff6742a9a02 (Unity) asio::detail::completion_handler<core::mutable_function<void __cdecl(void)> >::do_complete
0x00007ff6742abc70 (Unity) asio::detail::win_iocp_io_service::do_one
0x00007ff6742af35e (Unity) asio::io_service::run
0x00007ff67424b85a (Unity) RunAssetImportWorkerClientV2
0x00007ff67424b8b0 (Unity) RunAssetImporterV2
0x00007ff673d4f4a6 (Unity) Application::InitializeProject
0x00007ff67415e9f7 (Unity) WinMain
0x00007ff675c8c292 (Unity) __scrt_common_main_seh
0x00007ff8bc327034 (KERNEL32) BaseThreadInitThunk
0x00007ff8bc462651 (ntdll) RtlUserThreadStart

Requesting import of Guid(ddd78e4f1cafa8543924787a7d94ade4) Importer(-1,00000000000000000000000000000000), Assets/Images/L2R2Traps.png from editor
Resuming Guid(ddd78e4f1cafa8543924787a7d94ade4) Importer(-1,00000000000000000000000000000000) -> 8b29af866db280766f554e115e598863 
Assertion failed on expression: 'state.state == kUpToDate'

Assertion failed on expression: 'state.artifactID == result'

 -> (artifact id: 'dc6855b52a12a69088bd64cd8fffeb46') in 0.016912 seconds 
========================================================================
Received Prepare
Registering precompiled user dll's ...
Registered in 0.091951 seconds.
Begin MonoManager ReloadAssembly
Symbol file LoadedFromMemory doesn't match image C:\Users\K1917661\Documents\PS4-Game\PS4 Tutorial\Library\PackageCache\com.unity.visualscripting@1.6.1\Editor\VisualScripting.Core\Dependencies\YamlDotNet\Unity.VisualScripting.YamlDotNet.dll
Symbol file LoadedFromMemory doesn't match image C:\Users\K1917661\Documents\PS4-Game\PS4 Tutorial\Library\PackageCache\com.unity.visualscripting@1.6.1\Editor\VisualScripting.Core\Dependencies\DotNetZip\Unity.VisualScripting.IonicZip.dll
Multiple scripted importers are targeting the extension 'uxml' and have all been rejected: UnityEditor.UIElements.UIElementsViewImporter (assembly: C:\Apps\Unity\Editor\Data\Managed\UnityEngine\UnityEditor.UIElementsModule.dll), UnityEditor.UIElements.UIElementsViewImporter (assembly: C:\Apps\Unity\Editor\Data\Managed\UnityEngine\UnityEditor.UIElementsModule.dll) 
UnityEngine.StackTraceUtility:ExtractStackTrace ()
UnityEngine.DebugLogHandler:LogFormat (UnityEngine.LogType,UnityEngine.Object,string,object[])
UnityEngine.Logger:Log (UnityEngine.LogType,object)
UnityEngine.Debug:LogError (object)
UnityEditor.AssetImporters.ScriptedImporter:RegisterScriptedImporters ()

Multiple scripted importers are targeting the extension 'uss' and have all been rejected: UnityEditor.UIElements.StyleSheets.StyleSheetImporter (assembly: C:\Apps\Unity\Editor\Data\Managed\UnityEngine\UnityEditor.UIElementsModule.dll), UnityEditor.UIElements.StyleSheets.StyleSheetImporter (assembly: C:\Apps\Unity\Editor\Data\Managed\UnityEngine\UnityEditor.UIElementsModule.dll) 
UnityEngine.StackTraceUtility:ExtractStackTrace ()
UnityEngine.DebugLogHandler:LogFormat (UnityEngine.LogType,UnityEngine.Object,string,object[])
UnityEngine.Logger:Log (UnityEngine.LogType,object)
UnityEngine.Debug:LogError (object)
UnityEditor.AssetImporters.ScriptedImporter:RegisterScriptedImporters ()

Multiple scripted importers are targeting the extension 'tss' and have all been rejected: UnityEditor.UIElements.StyleSheets.ThemeStyleSheetImporter (assembly: C:\Apps\Unity\Editor\Data\Managed\UnityEngine\UnityEditor.UIElementsModule.dll), UnityEditor.UIElements.StyleSheets.ThemeStyleSheetImporter (assembly: C:\Apps\Unity\Editor\Data\Managed\UnityEngine\UnityEditor.UIElementsModule.dll) 
UnityEngine.StackTraceUtility:ExtractStackTrace ()
UnityEngine.DebugLogHandler:LogFormat (UnityEngine.LogType,UnityEngine.Object,string,object[])
UnityEngine.Logger:Log (UnityEngine.LogType,object)
UnityEngine.Debug:LogError (object)
UnityEditor.AssetImporters.ScriptedImporter:RegisterScriptedImporters ()

ArgumentException: An item with the same key has already been added. Key: UnityEditor.UIElements.EditorAtlasMonitorInjector
Parameter name: key
  at System.Collections.Generic.SortedList`2[TKey,TValue].Add (TKey key, TValue value) [0x00041] in <480201908ed94ddaa0561e2e6e0ddd4e>:0 
  at UnityEditor.AssetPostprocessingInternal.GetTextureProcessorsHashString () [0x000ae] in <5e558c48ff1a4d2c8e2f0193394d0750>:0 
UnityEngine.DebugLogHandler:Internal_LogException(Exception, Object)
UnityEngine.DebugLogHandler:LogException(Exception, Object)
UnityEngine.Logger:LogException(Exception, Object)
UnityEngine.Debug:LogException(Exception)
UnityEditor.AssetPostprocessingInternal:GetTextureProcessorsHashString()

Native extension for WindowsStandalone target not found
Refreshing native plugins compatible for Editor in 74.18 ms, found 3 plugins.
Preloading 0 native plugins for Editor in 0.00 ms.
System.Reflection.TargetInvocationException: Exception has been thrown by the target of an invocation. ---> UnityEngine.UnityException: The MakeClientFunc has already been registered. Registration denied.
  at UnityEngine.UIElements.DragAndDropUtility.RegisterMakeClientFunc (System.Func`1[TResult] makeClient) [0x00017] in <b3253b03938044f49f49c12d2de4cd71>:0 
  at UnityEditor.UIElements.EditorDragAndDrop.RegisterEditorClient () [0x0000a] in <47d44085adbe43bd896d97295bdef4f5>:0 
  at (wrapper managed-to-native) System.Reflection.MonoMethod.InternalInvoke(System.Reflection.MonoMethod,object,object[],System.Exception&)
  at System.Reflection.MonoMethod.Invoke (System.Object obj, System.Reflection.BindingFlags invokeAttr, System.Reflection.Binder binder, System.Object[] parameters, System.Globalization.CultureInfo culture) [0x00032] in <695d1cc93cca45069c528c15c9fdd749>:0 
   --- End of inner exception stack trace ---
  at System.Reflection.MonoMethod.Invoke (System.Object obj, System.Reflection.BindingFlags invokeAttr, System.Reflection.Binder binder, System.Object[] parameters, System.Globalization.CultureInfo culture) [0x00048] in <695d1cc93cca45069c528c15c9fdd749>:0 
  at System.Reflection.MethodBase.Invoke (System.Object obj, System.Object[] parameters) [0x00000] in <695d1cc93cca45069c528c15c9fdd749>:0 
  at UnityEditor.EditorAssemblies.ProcessInitializeOnLoadMethodAttributes () [0x00047] in <5e558c48ff1a4d2c8e2f0193394d0750>:0 
UnityEngine.StackTraceUtility:ExtractStackTrace ()
UnityEngine.DebugLogHandler:LogFormat (UnityEngine.LogType,UnityEngine.Object,string,object[])
UnityEngine.Logger:Log (UnityEngine.LogType,object)
UnityEngine.Debug:LogError (object)
UnityEditor.EditorAssemblies:ProcessInitializeOnLoadMethodAttributes ()

System.Reflection.TargetInvocationException: Exception has been thrown by the target of an invocation. ---> UnityEngine.UnityException: The MakeDropdownFunc has already been registered. Registration denied.
  at UnityEngine.UIElements.DropdownUtility.RegisterMakeDropdownFunc (System.Func`1[TResult] makeClient) [0x00017] in <b3253b03938044f49f49c12d2de4cd71>:0 
  at UnityEditor.UIElements.EditorMenuExtensions.RegisterEditorDropdown () [0x0000a] in <47d44085adbe43bd896d97295bdef4f5>:0 
  at (wrapper managed-to-native) System.Reflection.MonoMethod.InternalInvoke(System.Reflection.MonoMethod,object,object[],System.Exception&)
  at System.Reflection.MonoMethod.Invoke (System.Object obj, System.Reflection.BindingFlags invokeAttr, System.Reflection.Binder binder, System.Object[] parameters, System.Globalization.CultureInfo culture) [0x00032] in <695d1cc93cca45069c528c15c9fdd749>:0 
   --- End of inner exception stack trace ---
  at System.Reflection.MonoMethod.Invoke (System.Object obj, System.Reflection.BindingFlags invokeAttr, System.Reflection.Binder binder, System.Object[] parameters, System.Globalization.CultureInfo culture) [0x00048] in <695d1cc93cca45069c528c15c9fdd749>:0 
  at System.Reflection.MethodBase.Invoke (System.Object obj, System.Object[] parameters) [0x00000] in <695d1cc93cca45069c528c15c9fdd749>:0 
  at UnityEditor.EditorAssemblies.ProcessInitializeOnLoadMethodAttributes () [0x00047] in <5e558c48ff1a4d2c8e2f0193394d0750>:0 
UnityEngine.StackTraceUtility:ExtractStackTrace ()
UnityEngine.DebugLogHandler:LogFormat (UnityEngine.LogType,UnityEngine.Object,string,object[])
UnityEngine.Logger:Log (UnityEngine.LogType,object)
UnityEngine.Debug:LogError (object)
UnityEditor.EditorAssemblies:ProcessInitializeOnLoadMethodAttributes ()

Mono: successfully reloaded assembly
- Completed reload, in  1.421 seconds
Domain Reload Profiling:
	ReloadAssembly (1421ms)
		BeginReloadAssembly (217ms)
			ExecutionOrderSort (0ms)
			DisableScriptedObjects (4ms)
			BackupInstance (0ms)
			ReleaseScriptingObjects (0ms)
			CreateAndSetChildDomain (30ms)
		EndReloadAssembly (1110ms)
			LoadAssemblies (213ms)
			RebuildTransferFunctionScriptingTraits (0ms)
			SetupTypeCache (386ms)
			ReleaseScriptCaches (1ms)
			RebuildScriptCaches (37ms)
			SetupLoadedEditorAssemblies (402ms)
				LogAssemblyErrors (0ms)
				InitializePlatformSupportModulesInManaged (5ms)
				SetLoadedEditorAssemblies (0ms)
				RefreshPlugins (74ms)
				BeforeProcessingInitializeOnLoad (77ms)
				ProcessInitializeOnLoadAttributes (215ms)
				ProcessInitializeOnLoadMethodAttributes (6ms)
				AfterProcessingInitializeOnLoad (25ms)
				EditorAssembliesLoaded (0ms)
			ExecutionOrderSort2 (0ms)
			AwakeInstancesAfterBackupRestoration (6ms)
Platform modules already initialized, skipping
Switching build target platform(19) subTarget(0) extendedPlatform(0) -> platform(31) subTarget(0) extendedPlatform(0)
Refreshing native plugins compatible for Editor in 0.54 ms, found 3 plugins.
Preloading 0 native plugins for Editor in 0.00 ms.
Unloading 2950 Unused Serialized files (Serialized files now loaded: 0)
System memory in use before: 106.5 MB.
System memory in use after: 106.7 MB.

Unloading 17 unused Assets to reduce memory usage. Loaded Objects now: 3402.
Total: 2.216100 ms (FindLiveObjects: 0.220800 ms CreateObjectMapping: 0.110200 ms MarkObjects: 1.862200 ms  DeleteObjects: 0.022100 ms)

AssetImportParameters requested are different than current active one (requested -> active):
  custom:framework-win-MediaFoundation: 216162199b28c13a410421893ffa2e32 -> 
  custom:video-decoder-ogg-theora: a1e56fd34408186e4bbccfd4996cb3dc -> 
  custom:container-muxer-webm: aa71ff27fc2769a1b78a27578f13a17b -> 
  custom:container-demuxer-webm: 4f35f7cbe854078d1ac9338744f61a02 -> 
  custom:container-demuxer-ogg: 62fdf1f143b41e24485cea50d1cbac27 -> 
  custom:video-encoder-webm-vp8: eb34c28f22e8b96e1ab97ce403110664 -> 
  custom:video-decoder-webm-vp8: 9c59270c3fd7afecdb556c50c9e8de78 -> 
  custom:audio-decoder-ogg-vorbis: bf7c407c2cedff20999df2af8eb42d56 -> 
  custom:audio-encoder-webm-vorbis: bf7c407c2cedff20999df2af8eb42d56 -> 
========================================================================
Received Import Request.
  Time since last request: 243.218131 seconds.
  path: Assets/Script/ActivateTraps.cs
  artifactKey: Guid(b6c61a01533ede5469fd7de91ad47408) Importer(815301076,1909f56bfc062723c751e8b465ee728b)
Start importing Assets/Script/ActivateTraps.cs using Guid(b6c61a01533ede5469fd7de91ad47408) Importer(815301076,1909f56bfc062723c751e8b465ee728b)  -> (artifact id: '496b688454a79c721b159d3c5ef4dab0') in 0.017666 seconds 
========================================================================
Received Prepare
Registering precompiled user dll's ...
Registered in 0.020711 seconds.
Begin MonoManager ReloadAssembly
Symbol file LoadedFromMemory doesn't match image C:\Users\K1917661\Documents\PS4-Game\PS4 Tutorial\Library\PackageCache\com.unity.visualscripting@1.6.1\Editor\VisualScripting.Core\Dependencies\YamlDotNet\Unity.VisualScripting.YamlDotNet.dll
Symbol file LoadedFromMemory doesn't match image C:\Users\K1917661\Documents\PS4-Game\PS4 Tutorial\Library\PackageCache\com.unity.visualscripting@1.6.1\Editor\VisualScripting.Core\Dependencies\DotNetZip\Unity.VisualScripting.IonicZip.dll
Native extension for WindowsStandalone target not found
Refreshing native plugins compatible for Editor in 74.07 ms, found 3 plugins.
Preloading 0 native plugins for Editor in 0.00 ms.
Mono: successfully reloaded assembly
- Completed reload, in  1.980 seconds
Domain Reload Profiling:
	ReloadAssembly (1980ms)
		BeginReloadAssembly (225ms)
			ExecutionOrderSort (0ms)
			DisableScriptedObjects (4ms)
			BackupInstance (0ms)
			ReleaseScriptingObjects (0ms)
			CreateAndSetChildDomain (33ms)
		EndReloadAssembly (1629ms)
			LoadAssemblies (223ms)
			RebuildTransferFunctionScriptingTraits (0ms)
			SetupTypeCache (365ms)
			ReleaseScriptCaches (1ms)
			RebuildScriptCaches (37ms)
			SetupLoadedEditorAssemblies (423ms)
				LogAssemblyErrors (0ms)
				InitializePlatformSupportModulesInManaged (4ms)
				SetLoadedEditorAssemblies (0ms)
				RefreshPlugins (74ms)
				BeforeProcessingInitializeOnLoad (86ms)
				ProcessInitializeOnLoadAttributes (225ms)
				ProcessInitializeOnLoadMethodAttributes (5ms)
				AfterProcessingInitializeOnLoad (28ms)
				EditorAssembliesLoaded (0ms)
			ExecutionOrderSort2 (0ms)
			AwakeInstancesAfterBackupRestoration (7ms)
Platform modules already initialized, skipping
Switching build target platform(19) subTarget(0) extendedPlatform(0) -> platform(31) subTarget(0) extendedPlatform(0)
Refreshing native plugins compatible for Editor in 0.53 ms, found 3 plugins.
Preloading 0 native plugins for Editor in 0.00 ms.
Unloading 2950 Unused Serialized files (Serialized files now loaded: 0)
System memory in use before: 106.6 MB.
System memory in use after: 106.9 MB.

Unloading 17 unused Assets to reduce memory usage. Loaded Objects now: 3405.
Total: 2.310300 ms (FindLiveObjects: 0.261900 ms CreateObjectMapping: 0.174400 ms MarkObjects: 1.851900 ms  DeleteObjects: 0.021300 ms)

AssetImportParameters requested are different than current active one (requested -> active):
  custom:framework-win-MediaFoundation: 216162199b28c13a410421893ffa2e32 -> 
  custom:video-decoder-ogg-theora: a1e56fd34408186e4bbccfd4996cb3dc -> 
  custom:container-muxer-webm: aa71ff27fc2769a1b78a27578f13a17b -> 
  custom:container-demuxer-webm: 4f35f7cbe854078d1ac9338744f61a02 -> 
  custom:container-demuxer-ogg: 62fdf1f143b41e24485cea50d1cbac27 -> 
  custom:video-encoder-webm-vp8: eb34c28f22e8b96e1ab97ce403110664 -> 
  custom:video-decoder-webm-vp8: 9c59270c3fd7afecdb556c50c9e8de78 -> 
  custom:audio-decoder-ogg-vorbis: bf7c407c2cedff20999df2af8eb42d56 -> 
  custom:audio-encoder-webm-vorbis: bf7c407c2cedff20999df2af8eb42d56 -> 
========================================================================
Received Prepare
Registering precompiled user dll's ...
Registered in 0.020091 seconds.
Begin MonoManager ReloadAssembly
Symbol file LoadedFromMemory doesn't match image C:\Users\K1917661\Documents\PS4-Game\PS4 Tutorial\Library\PackageCache\com.unity.visualscripting@1.6.1\Editor\VisualScripting.Core\Dependencies\YamlDotNet\Unity.VisualScripting.YamlDotNet.dll
Symbol file LoadedFromMemory doesn't match image C:\Users\K1917661\Documents\PS4-Game\PS4 Tutorial\Library\PackageCache\com.unity.visualscripting@1.6.1\Editor\VisualScripting.Core\Dependencies\DotNetZip\Unity.VisualScripting.IonicZip.dll
Native extension for WindowsStandalone target not found
Refreshing native plugins compatible for Editor in 1.01 ms, found 3 plugins.
Preloading 0 native plugins for Editor in 0.00 ms.
Mono: successfully reloaded assembly
- Completed reload, in  1.330 seconds
Domain Reload Profiling:
	ReloadAssembly (1330ms)
		BeginReloadAssembly (224ms)
			ExecutionOrderSort (0ms)
			DisableScriptedObjects (4ms)
			BackupInstance (0ms)
			ReleaseScriptingObjects (0ms)
			CreateAndSetChildDomain (35ms)
		EndReloadAssembly (1013ms)
			LoadAssemblies (215ms)
			RebuildTransferFunctionScriptingTraits (0ms)
			SetupTypeCache (348ms)
			ReleaseScriptCaches (1ms)
			RebuildScriptCaches (37ms)
			SetupLoadedEditorAssemblies (324ms)
				LogAssemblyErrors (0ms)
				InitializePlatformSupportModulesInManaged (7ms)
				SetLoadedEditorAssemblies (1ms)
				RefreshPlugins (1ms)
				BeforeProcessingInitializeOnLoad (79ms)
				ProcessInitializeOnLoadAttributes (206ms)
				ProcessInitializeOnLoadMethodAttributes (4ms)
				AfterProcessingInitializeOnLoad (26ms)
				EditorAssembliesLoaded (0ms)
			ExecutionOrderSort2 (0ms)
			AwakeInstancesAfterBackupRestoration (7ms)
Platform modules already initialized, skipping
Switching build target platform(19) subTarget(0) extendedPlatform(0) -> platform(31) subTarget(0) extendedPlatform(0)
Refreshing native plugins compatible for Editor in 0.51 ms, found 3 plugins.
Preloading 0 native plugins for Editor in 0.00 ms.
Unloading 2950 Unused Serialized files (Serialized files now loaded: 0)
System memory in use before: 106.7 MB.
System memory in use after: 106.9 MB.

Unloading 17 unused Assets to reduce memory usage. Loaded Objects now: 3408.
Total: 2.788200 ms (FindLiveObjects: 0.330400 ms CreateObjectMapping: 0.126500 ms MarkObjects: 2.305400 ms  DeleteObjects: 0.025000 ms)

AssetImportParameters requested are different than current active one (requested -> active):
  custom:framework-win-MediaFoundation: 216162199b28c13a410421893ffa2e32 -> 
  custom:video-decoder-ogg-theora: a1e56fd34408186e4bbccfd4996cb3dc -> 
  custom:container-muxer-webm: aa71ff27fc2769a1b78a27578f13a17b -> 
  custom:container-demuxer-webm: 4f35f7cbe854078d1ac9338744f61a02 -> 
  custom:container-demuxer-ogg: 62fdf1f143b41e24485cea50d1cbac27 -> 
  custom:video-encoder-webm-vp8: eb34c28f22e8b96e1ab97ce403110664 -> 
  custom:video-decoder-webm-vp8: 9c59270c3fd7afecdb556c50c9e8de78 -> 
  custom:audio-decoder-ogg-vorbis: bf7c407c2cedff20999df2af8eb42d56 -> 
  custom:audio-encoder-webm-vorbis: bf7c407c2cedff20999df2af8eb42d56 -> 
========================================================================
Received Prepare
Registering precompiled user dll's ...
Registered in 0.019974 seconds.
Begin MonoManager ReloadAssembly
Symbol file LoadedFromMemory doesn't match image C:\Users\K1917661\Documents\PS4-Game\PS4 Tutorial\Library\PackageCache\com.unity.visualscripting@1.6.1\Editor\VisualScripting.Core\Dependencies\YamlDotNet\Unity.VisualScripting.YamlDotNet.dll
Symbol file LoadedFromMemory doesn't match image C:\Users\K1917661\Documents\PS4-Game\PS4 Tutorial\Library\PackageCache\com.unity.visualscripting@1.6.1\Editor\VisualScripting.Core\Dependencies\DotNetZip\Unity.VisualScripting.IonicZip.dll
Native extension for WindowsStandalone target not found
Refreshing native plugins compatible for Editor in 0.57 ms, found 3 plugins.
Preloading 0 native plugins for Editor in 0.00 ms.
Mono: successfully reloaded assembly
- Completed reload, in  1.391 seconds
Domain Reload Profiling:
	ReloadAssembly (1391ms)
		BeginReloadAssembly (214ms)
			ExecutionOrderSort (0ms)
			DisableScriptedObjects (4ms)
			BackupInstance (0ms)
			ReleaseScriptingObjects (0ms)
			CreateAndSetChildDomain (30ms)
		EndReloadAssembly (1081ms)
			LoadAssemblies (205ms)
			RebuildTransferFunctionScriptingTraits (0ms)
			SetupTypeCache (358ms)
			ReleaseScriptCaches (1ms)
			RebuildScriptCaches (36ms)
			SetupLoadedEditorAssemblies (340ms)
				LogAssemblyErrors (0ms)
				InitializePlatformSupportModulesInManaged (7ms)
				SetLoadedEditorAssemblies (0ms)
				RefreshPlugins (1ms)
				BeforeProcessingInitializeOnLoad (84ms)
				ProcessInitializeOnLoadAttributes (218ms)
				ProcessInitializeOnLoadMethodAttributes (4ms)
				AfterProcessingInitializeOnLoad (25ms)
				EditorAssembliesLoaded (0ms)
			ExecutionOrderSort2 (0ms)
			AwakeInstancesAfterBackupRestoration (6ms)
Platform modules already initialized, skipping
Switching build target platform(19) subTarget(0) extendedPlatform(0) -> platform(31) subTarget(0) extendedPlatform(0)
Refreshing native plugins compatible for Editor in 0.53 ms, found 3 plugins.
Preloading 0 native plugins for Editor in 0.00 ms.
Unloading 2950 Unused Serialized files (Serialized files now loaded: 0)
System memory in use before: 106.7 MB.
System memory in use after: 106.9 MB.

Unloading 17 unused Assets to reduce memory usage. Loaded Objects now: 3411.
Total: 2.684700 ms (FindLiveObjects: 0.271300 ms CreateObjectMapping: 0.176100 ms MarkObjects: 2.208100 ms  DeleteObjects: 0.027500 ms)

AssetImportParameters requested are different than current active one (requested -> active):
  custom:framework-win-MediaFoundation: 216162199b28c13a410421893ffa2e32 -> 
  custom:video-decoder-ogg-theora: a1e56fd34408186e4bbccfd4996cb3dc -> 
  custom:container-muxer-webm: aa71ff27fc2769a1b78a27578f13a17b -> 
  custom:container-demuxer-webm: 4f35f7cbe854078d1ac9338744f61a02 -> 
  custom:container-demuxer-ogg: 62fdf1f143b41e24485cea50d1cbac27 -> 
  custom:video-encoder-webm-vp8: eb34c28f22e8b96e1ab97ce403110664 -> 
  custom:video-decoder-webm-vp8: 9c59270c3fd7afecdb556c50c9e8de78 -> 
  custom:audio-decoder-ogg-vorbis: bf7c407c2cedff20999df2af8eb42d56 -> 
  custom:audio-encoder-webm-vorbis: bf7c407c2cedff20999df2af8eb42d56 -> 
========================================================================
Received Prepare
Registering precompiled user dll's ...
Registered in 0.020727 seconds.
Begin MonoManager ReloadAssembly
Symbol file LoadedFromMemory doesn't match image C:\Users\K1917661\Documents\PS4-Game\PS4 Tutorial\Library\PackageCache\com.unity.visualscripting@1.6.1\Editor\VisualScripting.Core\Dependencies\YamlDotNet\Unity.VisualScripting.YamlDotNet.dll
Symbol file LoadedFromMemory doesn't match image C:\Users\K1917661\Documents\PS4-Game\PS4 Tutorial\Library\PackageCache\com.unity.visualscripting@1.6.1\Editor\VisualScripting.Core\Dependencies\DotNetZip\Unity.VisualScripting.IonicZip.dll
Native extension for WindowsStandalone target not found
Refreshing native plugins compatible for Editor in 0.51 ms, found 3 plugins.
Preloading 0 native plugins for Editor in 0.00 ms.
Mono: successfully reloaded assembly
- Completed reload, in  1.367 seconds
Domain Reload Profiling:
	ReloadAssembly (1367ms)
		BeginReloadAssembly (213ms)
			ExecutionOrderSort (0ms)
			DisableScriptedObjects (5ms)
			BackupInstance (0ms)
			ReleaseScriptingObjects (0ms)
			CreateAndSetChildDomain (31ms)
		EndReloadAssembly (1061ms)
			LoadAssemblies (209ms)
			RebuildTransferFunctionScriptingTraits (0ms)
			SetupTypeCache (363ms)
			ReleaseScriptCaches (1ms)
			RebuildScriptCaches (37ms)
			SetupLoadedEditorAssemblies (311ms)
				LogAssemblyErrors (0ms)
				InitializePlatformSupportModulesInManaged (5ms)
				SetLoadedEditorAssemblies (0ms)
				RefreshPlugins (1ms)
				BeforeProcessingInitializeOnLoad (76ms)
				ProcessInitializeOnLoadAttributes (199ms)
				ProcessInitializeOnLoadMethodAttributes (4ms)
				AfterProcessingInitializeOnLoad (25ms)
				EditorAssembliesLoaded (0ms)
			ExecutionOrderSort2 (0ms)
			AwakeInstancesAfterBackupRestoration (6ms)
Platform modules already initialized, skipping
Switching build target platform(19) subTarget(0) extendedPlatform(0) -> platform(31) subTarget(0) extendedPlatform(0)
Refreshing native plugins compatible for Editor in 0.54 ms, found 3 plugins.
Preloading 0 native plugins for Editor in 0.00 ms.
Unloading 2950 Unused Serialized files (Serialized files now loaded: 0)
System memory in use before: 106.7 MB.
System memory in use after: 106.9 MB.

Unloading 17 unused Assets to reduce memory usage. Loaded Objects now: 3414.
Total: 2.115900 ms (FindLiveObjects: 0.210600 ms CreateObjectMapping: 0.140600 ms MarkObjects: 1.746400 ms  DeleteObjects: 0.017600 ms)

AssetImportParameters requested are different than current active one (requested -> active):
  custom:framework-win-MediaFoundation: 216162199b28c13a410421893ffa2e32 -> 
  custom:video-decoder-ogg-theora: a1e56fd34408186e4bbccfd4996cb3dc -> 
  custom:container-muxer-webm: aa71ff27fc2769a1b78a27578f13a17b -> 
  custom:container-demuxer-webm: 4f35f7cbe854078d1ac9338744f61a02 -> 
  custom:container-demuxer-ogg: 62fdf1f143b41e24485cea50d1cbac27 -> 
  custom:video-encoder-webm-vp8: eb34c28f22e8b96e1ab97ce403110664 -> 
  custom:video-decoder-webm-vp8: 9c59270c3fd7afecdb556c50c9e8de78 -> 
  custom:audio-decoder-ogg-vorbis: bf7c407c2cedff20999df2af8eb42d56 -> 
  custom:audio-encoder-webm-vorbis: bf7c407c2cedff20999df2af8eb42d56 -> 
========================================================================
Received Prepare
Refreshing native plugins compatible for Editor in 11.63 ms, found 3 plugins.
Preloading 0 native plugins for Editor in 0.00 ms.
Unloading 15 Unused Serialized files (Serialized files now loaded: 0)
System memory in use before: 48.6 MB.
System memory in use after: 48.8 MB.

Unloading 15 unused Assets to reduce memory usage. Loaded Objects now: 3414.
Total: 2.155000 ms (FindLiveObjects: 0.211200 ms CreateObjectMapping: 0.141500 ms MarkObjects: 1.790100 ms  DeleteObjects: 0.011600 ms)

AssetImportParameters requested are different than current active one (requested -> active):
  custom:framework-win-MediaFoundation: 216162199b28c13a410421893ffa2e32 -> 
  custom:video-decoder-ogg-theora: a1e56fd34408186e4bbccfd4996cb3dc -> 
  custom:container-muxer-webm: aa71ff27fc2769a1b78a27578f13a17b -> 
  custom:container-demuxer-webm: 4f35f7cbe854078d1ac9338744f61a02 -> 
  custom:container-demuxer-ogg: 62fdf1f143b41e24485cea50d1cbac27 -> 
  custom:video-encoder-webm-vp8: eb34c28f22e8b96e1ab97ce403110664 -> 
  custom:video-decoder-webm-vp8: 9c59270c3fd7afecdb556c50c9e8de78 -> 
  custom:audio-decoder-ogg-vorbis: bf7c407c2cedff20999df2af8eb42d56 -> 
  custom:audio-encoder-webm-vorbis: bf7c407c2cedff20999df2af8eb42d56 -> 
========================================================================
Received Prepare
Refreshing native plugins compatible for Editor in 11.41 ms, found 3 plugins.
Preloading 0 native plugins for Editor in 0.00 ms.
Unloading 15 Unused Serialized files (Serialized files now loaded: 0)
System memory in use before: 48.6 MB.
System memory in use after: 48.8 MB.

Unloading 15 unused Assets to reduce memory usage. Loaded Objects now: 3414.
Total: 2.372700 ms (FindLiveObjects: 0.208400 ms CreateObjectMapping: 0.136200 ms MarkObjects: 2.012100 ms  DeleteObjects: 0.015000 ms)

AssetImportParameters requested are different than current active one (requested -> active):
  custom:framework-win-MediaFoundation: 216162199b28c13a410421893ffa2e32 -> 
  custom:video-decoder-ogg-theora: a1e56fd34408186e4bbccfd4996cb3dc -> 
  custom:container-muxer-webm: aa71ff27fc2769a1b78a27578f13a17b -> 
  custom:container-demuxer-webm: 4f35f7cbe854078d1ac9338744f61a02 -> 
  custom:container-demuxer-ogg: 62fdf1f143b41e24485cea50d1cbac27 -> 
  custom:video-encoder-webm-vp8: eb34c28f22e8b96e1ab97ce403110664 -> 
  custom:video-decoder-webm-vp8: 9c59270c3fd7afecdb556c50c9e8de78 -> 
  custom:audio-decoder-ogg-vorbis: bf7c407c2cedff20999df2af8eb42d56 -> 
  custom:audio-encoder-webm-vorbis: bf7c407c2cedff20999df2af8eb42d56 -> 
========================================================================
Received Prepare
Registering precompiled user dll's ...
Registered in 0.021287 seconds.
Begin MonoManager ReloadAssembly
Symbol file LoadedFromMemory doesn't match image C:\Users\K1917661\Documents\PS4-Game\PS4 Tutorial\Library\PackageCache\com.unity.visualscripting@1.6.1\Editor\VisualScripting.Core\Dependencies\YamlDotNet\Unity.VisualScripting.YamlDotNet.dll
Symbol file LoadedFromMemory doesn't match image C:\Users\K1917661\Documents\PS4-Game\PS4 Tutorial\Library\PackageCache\com.unity.visualscripting@1.6.1\Editor\VisualScripting.Core\Dependencies\DotNetZip\Unity.VisualScripting.IonicZip.dll
Native extension for WindowsStandalone target not found
Refreshing native plugins compatible for Editor in 0.53 ms, found 3 plugins.
Preloading 0 native plugins for Editor in 0.00 ms.
Mono: successfully reloaded assembly
- Completed reload, in  1.584 seconds
Domain Reload Profiling:
	ReloadAssembly (1584ms)
		BeginReloadAssembly (252ms)
			ExecutionOrderSort (0ms)
			DisableScriptedObjects (4ms)
			BackupInstance (0ms)
			ReleaseScriptingObjects (0ms)
			CreateAndSetChildDomain (40ms)
		EndReloadAssembly (1233ms)
			LoadAssemblies (284ms)
			RebuildTransferFunctionScriptingTraits (0ms)
			SetupTypeCache (380ms)
			ReleaseScriptCaches (1ms)
			RebuildScriptCaches (39ms)
			SetupLoadedEditorAssemblies (343ms)
				LogAssemblyErrors (0ms)
				InitializePlatformSupportModulesInManaged (6ms)
				SetLoadedEditorAssemblies (0ms)
				RefreshPlugins (1ms)
				BeforeProcessingInitializeOnLoad (79ms)
				ProcessInitializeOnLoadAttributes (219ms)
				ProcessInitializeOnLoadMethodAttributes (6ms)
				AfterProcessingInitializeOnLoad (30ms)
				EditorAssembliesLoaded (0ms)
			ExecutionOrderSort2 (0ms)
			AwakeInstancesAfterBackupRestoration (10ms)
Platform modules already initialized, skipping
Switching build target platform(19) subTarget(0) extendedPlatform(0) -> platform(31) subTarget(0) extendedPlatform(0)
Refreshing native plugins compatible for Editor in 0.55 ms, found 3 plugins.
Preloading 0 native plugins for Editor in 0.00 ms.
Unloading 2950 Unused Serialized files (Serialized files now loaded: 0)
System memory in use before: 106.7 MB.
System memory in use after: 107.0 MB.

Unloading 17 unused Assets to reduce memory usage. Loaded Objects now: 3417.
Total: 1.949500 ms (FindLiveObjects: 0.194200 ms CreateObjectMapping: 0.121300 ms MarkObjects: 1.612900 ms  DeleteObjects: 0.020300 ms)

AssetImportParameters requested are different than current active one (requested -> active):
  custom:framework-win-MediaFoundation: 216162199b28c13a410421893ffa2e32 -> 
  custom:video-decoder-ogg-theora: a1e56fd34408186e4bbccfd4996cb3dc -> 
  custom:container-muxer-webm: aa71ff27fc2769a1b78a27578f13a17b -> 
  custom:container-demuxer-webm: 4f35f7cbe854078d1ac9338744f61a02 -> 
  custom:container-demuxer-ogg: 62fdf1f143b41e24485cea50d1cbac27 -> 
  custom:video-encoder-webm-vp8: eb34c28f22e8b96e1ab97ce403110664 -> 
  custom:video-decoder-webm-vp8: 9c59270c3fd7afecdb556c50c9e8de78 -> 
  custom:audio-decoder-ogg-vorbis: bf7c407c2cedff20999df2af8eb42d56 -> 
  custom:audio-encoder-webm-vorbis: bf7c407c2cedff20999df2af8eb42d56 -> 
========================================================================
Received Prepare
Registering precompiled user dll's ...
Registered in 0.021766 seconds.
Begin MonoManager ReloadAssembly
Symbol file LoadedFromMemory doesn't match image C:\Users\K1917661\Documents\PS4-Game\PS4 Tutorial\Library\PackageCache\com.unity.visualscripting@1.6.1\Editor\VisualScripting.Core\Dependencies\YamlDotNet\Unity.VisualScripting.YamlDotNet.dll
Symbol file LoadedFromMemory doesn't match image C:\Users\K1917661\Documents\PS4-Game\PS4 Tutorial\Library\PackageCache\com.unity.visualscripting@1.6.1\Editor\VisualScripting.Core\Dependencies\DotNetZip\Unity.VisualScripting.IonicZip.dll
Native extension for WindowsStandalone target not found
Refreshing native plugins compatible for Editor in 0.53 ms, found 3 plugins.
Preloading 0 native plugins for Editor in 0.00 ms.
Mono: successfully reloaded assembly
- Completed reload, in  1.506 seconds
Domain Reload Profiling:
	ReloadAssembly (1507ms)
		BeginReloadAssembly (226ms)
			ExecutionOrderSort (0ms)
			DisableScriptedObjects (5ms)
			BackupInstance (0ms)
			ReleaseScriptingObjects (0ms)
			CreateAndSetChildDomain (31ms)
		EndReloadAssembly (1186ms)
			LoadAssemblies (221ms)
			RebuildTransferFunctionScriptingTraits (0ms)
			SetupTypeCache (430ms)
			ReleaseScriptCaches (1ms)
			RebuildScriptCaches (38ms)
			SetupLoadedEditorAssemblies (316ms)
				LogAssemblyErrors (0ms)
				InitializePlatformSupportModulesInManaged (5ms)
				SetLoadedEditorAssemblies (0ms)
				RefreshPlugins (1ms)
				BeforeProcessingInitializeOnLoad (76ms)
				ProcessInitializeOnLoadAttributes (202ms)
				ProcessInitializeOnLoadMethodAttributes (6ms)
				AfterProcessingInitializeOnLoad (26ms)
				EditorAssembliesLoaded (0ms)
			ExecutionOrderSort2 (0ms)
			AwakeInstancesAfterBackupRestoration (7ms)
Platform modules already initialized, skipping
Switching build target platform(19) subTarget(0) extendedPlatform(0) -> platform(31) subTarget(0) extendedPlatform(0)
Refreshing native plugins compatible for Editor in 0.83 ms, found 3 plugins.
Preloading 0 native plugins for Editor in 0.00 ms.
Unloading 2950 Unused Serialized files (Serialized files now loaded: 0)
System memory in use before: 106.7 MB.
System memory in use after: 107.0 MB.

Unloading 17 unused Assets to reduce memory usage. Loaded Objects now: 3420.
Total: 3.228400 ms (FindLiveObjects: 0.228600 ms CreateObjectMapping: 0.127400 ms MarkObjects: 2.843200 ms  DeleteObjects: 0.027900 ms)

AssetImportParameters requested are different than current active one (requested -> active):
  custom:framework-win-MediaFoundation: 216162199b28c13a410421893ffa2e32 -> 
  custom:video-decoder-ogg-theora: a1e56fd34408186e4bbccfd4996cb3dc -> 
  custom:container-muxer-webm: aa71ff27fc2769a1b78a27578f13a17b -> 
  custom:container-demuxer-webm: 4f35f7cbe854078d1ac9338744f61a02 -> 
  custom:container-demuxer-ogg: 62fdf1f143b41e24485cea50d1cbac27 -> 
  custom:video-encoder-webm-vp8: eb34c28f22e8b96e1ab97ce403110664 -> 
  custom:video-decoder-webm-vp8: 9c59270c3fd7afecdb556c50c9e8de78 -> 
  custom:audio-decoder-ogg-vorbis: bf7c407c2cedff20999df2af8eb42d56 -> 
  custom:audio-encoder-webm-vorbis: bf7c407c2cedff20999df2af8eb42d56 -> 
========================================================================
Received Prepare
Refreshing native plugins compatible for Editor in 13.22 ms, found 3 plugins.
Preloading 0 native plugins for Editor in 0.00 ms.
Unloading 15 Unused Serialized files (Serialized files now loaded: 0)
System memory in use before: 48.6 MB.
System memory in use after: 48.9 MB.

Unloading 15 unused Assets to reduce memory usage. Loaded Objects now: 3420.
Total: 2.458700 ms (FindLiveObjects: 0.211800 ms CreateObjectMapping: 0.162000 ms MarkObjects: 2.065700 ms  DeleteObjects: 0.018600 ms)

AssetImportParameters requested are different than current active one (requested -> active):
  custom:framework-win-MediaFoundation: 216162199b28c13a410421893ffa2e32 -> 
  custom:video-decoder-ogg-theora: a1e56fd34408186e4bbccfd4996cb3dc -> 
  custom:container-muxer-webm: aa71ff27fc2769a1b78a27578f13a17b -> 
  custom:container-demuxer-webm: 4f35f7cbe854078d1ac9338744f61a02 -> 
  custom:container-demuxer-ogg: 62fdf1f143b41e24485cea50d1cbac27 -> 
  custom:video-encoder-webm-vp8: eb34c28f22e8b96e1ab97ce403110664 -> 
  custom:video-decoder-webm-vp8: 9c59270c3fd7afecdb556c50c9e8de78 -> 
  custom:audio-decoder-ogg-vorbis: bf7c407c2cedff20999df2af8eb42d56 -> 
  custom:audio-encoder-webm-vorbis: bf7c407c2cedff20999df2af8eb42d56 -> 
AssetImportWorkerClient::OnTransportError - code=2 error=End of file
